<?xml version="1.0" encoding="UTF-8"?>
<!-- Generated by org.testng.reporters.JUnitXMLReporter -->
<testsuite hostname="jubileu-VirtualBox" tests="15" failures="0" timestamp="2 Mar 2017 13:07:19 GMT" time="0.151" errors="0">
  <testcase name="TestNameLength" time="0.027" classname="TestCalculator"/>
  <testcase name="TestNameLengthMax" time="0.015" classname="TestCalculator"/>
  <testcase name="TestNameLengthMin" time="0.0" classname="TestCalculator"/>
  <testcase name="divisionsByZero" time="0.0" classname="TestCalculator"/>
  <testcase name="simpleDivisons" time="0.008" classname="TestCalculator"/>
  <testcase name="simpleSums" time="0.001" classname="TestCalculator"/>
  <testcase name="testInvalidNames" time="0.002" classname="TestCalculator"/>
  <testcase name="testInvalidNames" time="0.005" classname="TestCalculator"/>
  <testcase name="testName" time="0.0" classname="TestCalculator"/>
  <testcase name="testNullDivision" time="0.0" classname="TestCalculator"/>
  <testcase name="testNullSum" time="0.0" classname="TestCalculator"/>
  <testcase name="testValidNames" time="0.0" classname="TestCalculator"/>
  <testcase name="testValidNames" time="0.0" classname="TestCalculator"/>
  <testcase name="testValidNames" time="0.001" classname="TestCalculator"/>
  <testcase name="testValidNames" time="0.0" classname="TestCalculator"/>
</testsuite>
